Start testing: Oct 19 02:34 EEST
----------------------------------------------------------
1/1 Testing: UartTxRxTest
1/1 Test: UartTxRxTest
Command: "/home/rud/csad2125ki406rudvi18/RPS_GUI/build-tests/tests/unit_tests"
Directory: /home/rud/csad2125ki406rudvi18/RPS_GUI/build-tests/tests
"UartTxRxTest" start time: Oct 19 02:34 EEST
Output:
----------------------------------------------------------
********* Start testing of TestUartTxRx *********
Config: Using QtTest library 5.15.13, Qt 5.15.13 (x86_64-little_endian-lp64 shared (dynamic) release build; by GCC 13.2.0), linuxmint 22
PASS   : TestUartTxRx::initTestCase()
QDEBUG : TestUartTxRx::testSendMessage() Serial port is not open!
PASS   : TestUartTxRx::testSendMessage()
QDEBUG : TestUartTxRx::testConnection() Failed to open port "/dev/ttyACM1"
FAIL!  : TestUartTxRx::testConnection() 'result == 0' returned FALSE. ()
   Loc: [/home/rud/csad2125ki406rudvi18/RPS_GUI/tests/testuarttxrx.cpp(22)]
PASS   : TestUartTxRx::cleanupTestCase()
Totals: 3 passed, 1 failed, 0 skipped, 0 blacklisted, 0ms
********* Finished testing of TestUartTxRx *********
<end of output>
Test time =   0.06 sec
----------------------------------------------------------
Test Failed.
"UartTxRxTest" end time: Oct 19 02:34 EEST
"UartTxRxTest" time elapsed: 00:00:00
----------------------------------------------------------

End testing: Oct 19 02:34 EEST
